  HEROes.cpp
C:\Users\Rog\source\repos\HEROes\HEROes.cpp(91,21): warning C4584: Grut: базовый класс "Race" уже является базовым классом для "Superhero"
C:\Users\Rog\source\repos\HEROes\HEROes.cpp(65,7): message : см. объявление "Race"
C:\Users\Rog\source\repos\HEROes\HEROes.cpp(85,7): message : см. объявление "Superhero"
C:\Users\Rog\source\repos\HEROes\HEROes.cpp(91,21): warning C4584: Grut: базовый класс "Good" уже является базовым классом для "Superhero"
C:\Users\Rog\source\repos\HEROes\HEROes.cpp(51,7): message : см. объявление "Good"
C:\Users\Rog\source\repos\HEROes\HEROes.cpp(85,7): message : см. объявление "Superhero"
C:\Users\Rog\source\repos\HEROes\HEROes.cpp(102,20): warning C4584: Tor: базовый класс "Race" уже является базовым классом для "Superhero"
C:\Users\Rog\source\repos\HEROes\HEROes.cpp(65,7): message : см. объявление "Race"
C:\Users\Rog\source\repos\HEROes\HEROes.cpp(85,7): message : см. объявление "Superhero"
C:\Users\Rog\source\repos\HEROes\HEROes.cpp(102,20): warning C4584: Tor: базовый класс "Good" уже является базовым классом для "Superhero"
C:\Users\Rog\source\repos\HEROes\HEROes.cpp(51,7): message : см. объявление "Good"
C:\Users\Rog\source\repos\HEROes\HEROes.cpp(85,7): message : см. объявление "Superhero"
C:\Users\Rog\source\repos\HEROes\HEROes.cpp(113,24): warning C4584: IronMan: базовый класс "Race" уже является базовым классом для "Superhero"
C:\Users\Rog\source\repos\HEROes\HEROes.cpp(65,7): message : см. объявление "Race"
C:\Users\Rog\source\repos\HEROes\HEROes.cpp(85,7): message : см. объявление "Superhero"
C:\Users\Rog\source\repos\HEROes\HEROes.cpp(113,24): warning C4584: IronMan: базовый класс "Good" уже является базовым классом для "Superhero"
C:\Users\Rog\source\repos\HEROes\HEROes.cpp(51,7): message : см. объявление "Good"
C:\Users\Rog\source\repos\HEROes\HEROes.cpp(85,7): message : см. объявление "Superhero"
C:\Users\Rog\source\repos\HEROes\HEROes.cpp(123,21): warning C4584: Loki: базовый класс "Race" уже является базовым классом для "Superhero"
C:\Users\Rog\source\repos\HEROes\HEROes.cpp(65,7): message : см. объявление "Race"
C:\Users\Rog\source\repos\HEROes\HEROes.cpp(85,7): message : см. объявление "Superhero"
  HEROes.vcxproj -> C:\Users\Rog\source\repos\HEROes\x64\Debug\HEROes.exe
